C:\Users\vgbianchi\OneDrive - SA USINA CORURIPE AÇUCAR E ALCOOL\Área de Trabalho\SAFRA 2026\Mapas 2026\Nelson_2026\077_2026.dwg,Model,08/06/2026 11:02:24,vgbianchi,DWG To PDF.pc3,ISO full bleed A4 (210.00 x 297.00 MM),1:10,
C:\Users\vgbianchi\OneDrive - SA USINA CORURIPE AÇUCAR E ALCOOL\Área de Trabalho\SAFRA 2026\Mapas 2026\Nelson_2026\131_2026.dwg,Model,08/06/2026 11:09:33,vgbianchi,DWG To PDF.pc3,ISO full bleed A4 (210.00 x 297.00 MM),1:20,
C:\Users\vgbianchi\OneDrive - SA USINA CORURIPE AÇUCAR E ALCOOL\Área de Trabalho\SAFRA 2026\Mapas 2026\Nelson_2026\323_2026.dwg,Model,08/06/2026 11:14:01,vgbianchi,DWG To PDF.pc3,ISO full bleed A4 (210.00 x 297.00 MM),1:15,
C:\Users\vgbianchi\OneDrive - SA USINA CORURIPE AÇUCAR E ALCOOL\Área de Trabalho\SAFRA 2026\Mapas 2026\Nelson_2026\1330_2026.dwg,Model,08/06/2026 11:21:03,vgbianchi,DWG To PDF.pc3,ISO full bleed A4 (210.00 x 297.00 MM),1:35,
C:\Users\vgbianchi\OneDrive - SA USINA CORURIPE AÇUCAR E ALCOOL\Área de Trabalho\SAFRA 2026\Mapas 2026\Nelson_2026\205_2026.dwg,Model,08/06/2026 11:26:31,vgbianchi,DWG To PDF.pc3,ISO full bleed A4 (210.00 x 297.00 MM),1:15,
C:\Users\vgbianchi\OneDrive - SA USINA CORURIPE AÇUCAR E ALCOOL\Área de Trabalho\SAFRA 2026\Mapas 2026\Engelberto_2026\687_2026.dwg,Model,09/06/2026 08:05:46,vgbianchi,DWG To PDF.pc3,ISO full bleed A4 (210.00 x 297.00 MM),1:7.5,
C:\Users\vgbianchi\OneDrive - SA USINA CORURIPE AÇUCAR E ALCOOL\Área de Trabalho\SAFRA 2026\Mapas 2026\Engelberto_2026\993_2026.dwg,Model,09/06/2026 08:09:23,vgbianchi,DWG To PDF.pc3,ISO full bleed A4 (210.00 x 297.00 MM),1:15,
C:\Users\vgbianchi\OneDrive - SA USINA CORURIPE AÇUCAR E ALCOOL\Área de Trabalho\SAFRA 2026\Mapas 2026\Engelberto_2026\1020_2026.dwg,Model,09/06/2026 08:11:58,vgbianchi,DWG To PDF.pc3,ISO full bleed A4 (210.00 x 297.00 MM),1:10,
C:\Users\vgbianchi\OneDrive - SA USINA CORURIPE AÇUCAR E ALCOOL\Área de Trabalho\SAFRA 2026\Mapas 2026\Engelberto_2026\1021_2026.dwg,Model,09/06/2026 08:15:09,vgbianchi,DWG To PDF.pc3,ISO full bleed A4 (210.00 x 297.00 MM),1:15,
C:\Users\vgbianchi\OneDrive - SA USINA CORURIPE AÇUCAR E ALCOOL\Área de Trabalho\SAFRA 2026\Mapas 2026\Engelberto_2026\1123_2026.dwg,Model,09/06/2026 08:16:29,vgbianchi,DWG To PDF.pc3,ISO full bleed A4 (210.00 x 297.00 MM),1:10,
C:\Users\vgbianchi\OneDrive - SA USINA CORURIPE AÇUCAR E ALCOOL\Área de Trabalho\SAFRA 2026\Mapas 2026\Almerita_2026\139_2026.dwg,Model,09/06/2026 08:49:15,vgbianchi,DWG To PDF.pc3,ISO full bleed A4 (210.00 x 297.00 MM),1:10,
C:\Users\vgbianchi\OneDrive - SA USINA CORURIPE AÇUCAR E ALCOOL\Área de Trabalho\SAFRA 2026\Mapas 2026\Almerita_2026\382_2026.dwg,Model,09/06/2026 08:57:08,vgbianchi,DWG To PDF.pc3,ISO full bleed A4 (210.00 x 297.00 MM),1:12.5,
C:\Users\vgbianchi\OneDrive - SA USINA CORURIPE AÇUCAR E ALCOOL\Área de Trabalho\SAFRA 2026\Mapas 2026\Almerita_2026\638_2026.dwg,Model,09/06/2026 09:01:50,vgbianchi,DWG To PDF.pc3,ISO full bleed A4 (210.00 x 297.00 MM),1:10,
C:\Users\vgbianchi\OneDrive - SA USINA CORURIPE AÇUCAR E ALCOOL\Área de Trabalho\SAFRA 2026\Mapas 2026\Almerita_2026\938_2026.dwg,Model,09/06/2026 09:04:28,vgbianchi,DWG To PDF.pc3,ISO full bleed A4 (210.00 x 297.00 MM),1:7.5,
C:\Users\vgbianchi\OneDrive - SA USINA CORURIPE AÇUCAR E ALCOOL\Área de Trabalho\SAFRA 2026\Mapas 2026\Almerita_2026\1239_2026.dwg,Model,09/06/2026 09:07:21,vgbianchi,DWG To PDF.pc3,ISO full bleed A4 (210.00 x 297.00 MM),1:10,
C:\Users\vgbianchi\OneDrive - SA USINA CORURIPE AÇUCAR E ALCOOL\Área de Trabalho\SAFRA 2026\Mapas 2026\Almerita_2026\1078_2026.dwg,Model,09/06/2026 09:11:47,vgbianchi,DWG To PDF.pc3,ISO full bleed A4 (210.00 x 297.00 MM),1:10,
C:\Users\vgbianchi\OneDrive - SA USINA CORURIPE AÇUCAR E ALCOOL\Área de Trabalho\SAFRA 2026\Mapas 2026\Amadeu_2026\120_2026.dwg,Model,10/06/2026 07:54:59,vgbianchi,DWG To PDF.pc3,ISO full bleed A4 (210.00 x 297.00 MM),1:20,
C:\Users\vgbianchi\OneDrive - SA USINA CORURIPE AÇUCAR E ALCOOL\Área de Trabalho\SAFRA 2026\Mapas 2026\Amadeu_2026\536_2026.dwg,Model,10/06/2026 07:57:14,vgbianchi,DWG To PDF.pc3,ISO full bleed A4 (210.00 x 297.00 MM),1:10.0006,
C:\Users\vgbianchi\OneDrive - SA USINA CORURIPE AÇUCAR E ALCOOL\Área de Trabalho\SAFRA 2026\Mapas 2026\Carlos Henrique_2026\634_2026.dwg,Model,10/06/2026 08:08:46,vgbianchi,DWG To PDF.pc3,ISO full bleed A4 (210.00 x 297.00 MM),1:20,
C:\Users\vgbianchi\OneDrive - SA USINA CORURIPE AÇUCAR E ALCOOL\Área de Trabalho\SAFRA 2026\Mapas 2026\Carlos Henrique_2026\1335_2026.dwg,Model,10/06/2026 08:35:41,vgbianchi,DWG To PDF.pc3,ISO full bleed A4 (210.00 x 297.00 MM),1:7.5,
C:\Users\vgbianchi\OneDrive - SA USINA CORURIPE AÇUCAR E ALCOOL\Área de Trabalho\SAFRA 2026\Mapas 2026\Amadeu_2026\610_2026.dwg,Model,10/06/2026 08:48:09,vgbianchi,DWG To PDF.pc3,ISO full bleed A4 (210.00 x 297.00 MM),1:15,
C:\Users\vgbianchi\OneDrive - SA USINA CORURIPE AÇUCAR E ALCOOL\Área de Trabalho\SAFRA 2026\Mapas 2026\Carlos Henrique_2026\624_2026.dwg,Model,10/06/2026 08:50:28,vgbianchi,DWG To PDF.pc3,ISO full bleed A4 (210.00 x 297.00 MM),1:10,
C:\Users\vgbianchi\OneDrive - SA USINA CORURIPE AÇUCAR E ALCOOL\Área de Trabalho\SAFRA 2026\Mapas 2026\Carlos Henrique_2026\1338_2026.dwg,Model,10/06/2026 08:54:10,vgbianchi,DWG To PDF.pc3,ISO full bleed A4 (210.00 x 297.00 MM),1:5,
C:\Users\vgbianchi\OneDrive - SA USINA CORURIPE AÇUCAR E ALCOOL\Área de Trabalho\SAFRA 2026\Mapas 2026\Alemar_2026\1344_2026.dwg,Model,10/06/2026 09:48:01,vgbianchi,DWG To PDF.pc3,ISO full bleed A4 (210.00 x 297.00 MM),1:15,
C:\Users\vgbianchi\OneDrive - SA USINA CORURIPE AÇUCAR E ALCOOL\Área de Trabalho\SAFRA 2026\Mapas 2026\Alemar_2026\1346_2026.dwg,Model,10/06/2026 09:56:30,vgbianchi,DWG To PDF.pc3,ISO full bleed A4 (210.00 x 297.00 MM),1:10,
C:\Users\vgbianchi\OneDrive - SA USINA CORURIPE AÇUCAR E ALCOOL\Documentos\Mapa Leandro 2026\1123_2026_rev1.dwg,Model,10/06/2026 12:45:03,vgbianchi,DWG To PDF.pc3,ISO full bleed A4 (210.00 x 297.00 MM),1:10,
C:\Users\vgbianchi\OneDrive - SA USINA CORURIPE AÇUCAR E ALCOOL\Documentos\Mapa Leandro 2026\1123_2026_rev1.dwg,Model,10/06/2026 13:02:00,vgbianchi,DWG To PDF.pc3,ISO full bleed A4 (210.00 x 297.00 MM),1:10,
C:\Users\vgbianchi\OneDrive - SA USINA CORURIPE AÇUCAR E ALCOOL\Área de Trabalho\SAFRA 2026\Mapas 2026\Celia Drunsta_2026\150_2026.dwg,Model,11/06/2026 07:59:25,vgbianchi,DWG To PDF.pc3,ISO full bleed A4 (210.00 x 297.00 MM),1:15,
C:\Users\vgbianchi\OneDrive - SA USINA CORURIPE AÇUCAR E ALCOOL\Área de Trabalho\SAFRA 2026\Mapas 2026\Lucila_2026\1050_2026.dwg,Model,11/06/2026 08:14:44,vgbianchi,DWG To PDF.pc3,ISO full bleed A4 (210.00 x 297.00 MM),1:20,
C:\Users\vgbianchi\OneDrive - SA USINA CORURIPE AÇUCAR E ALCOOL\Área de Trabalho\SAFRA 2026\Mapas 2026\Lucila_2026\1206_2026.dwg,Model,11/06/2026 08:54:42,vgbianchi,DWG To PDF.pc3,ISO full bleed A4 (210.00 x 297.00 MM),1:10,
C:\Users\vgbianchi\OneDrive - SA USINA CORURIPE AÇUCAR E ALCOOL\Área de Trabalho\SAFRA 2026\Mapas 2026\Alemar_2026\593_2026.dwg,Model,11/06/2026 09:01:56,vgbianchi,DWG To PDF.pc3,ISO full bleed A4 (210.00 x 297.00 MM),1:35,
C:\Users\vgbianchi\OneDrive - SA USINA CORURIPE AÇUCAR E ALCOOL\Área de Trabalho\SAFRA 2026\Mapas 2026\Maria Jose Gambarato_2026\524_2026.dwg,Model,11/06/2026 09:12:46,vgbianchi,DWG To PDF.pc3,ISO full bleed A4 (210.00 x 297.00 MM),1:10,
C:\Users\vgbianchi\OneDrive - SA USINA CORURIPE AÇUCAR E ALCOOL\Área de Trabalho\SAFRA 2026\Mapas 2026\Silvio Neto_2026\982_2026.dwg,Model,11/06/2026 09:23:35,vgbianchi,DWG To PDF.pc3,ISO full bleed A4 (210.00 x 297.00 MM),1:15,
C:\Users\vgbianchi\OneDrive - SA USINA CORURIPE AÇUCAR E ALCOOL\Área de Trabalho\SAFRA 2026\Mapas 2026\Silvio Neto_2026\1002_2026.dwg,Model,11/06/2026 09:28:25,vgbianchi,DWG To PDF.pc3,ISO full bleed A4 (210.00 x 297.00 MM),1:15,
C:\Users\vgbianchi\OneDrive - SA USINA CORURIPE AÇUCAR E ALCOOL\Área de Trabalho\SAFRA 2026\Mapas 2026\Silvio Neto_2026\1012_2026.dwg,Model,11/06/2026 09:33:03,vgbianchi,DWG To PDF.pc3,ISO full bleed A4 (210.00 x 297.00 MM),1:15,
C:\Users\vgbianchi\OneDrive - SA USINA CORURIPE AÇUCAR E ALCOOL\Área de Trabalho\SAFRA 2026\Mapas 2026\Geographic Enviado\011.dwg,Model,11/06/2026 14:37:38,vgbianchi,\\apocfl115\Campo Florido - Impressora Colorida,A4 (210 x 297 mm),1:38.411,
C:\Users\vgbianchi\OneDrive - SA USINA CORURIPE AÇUCAR E ALCOOL\Área de Trabalho\SAFRA 2026\Mapas 2026\Silvio JR_2026\011_2026.dwg,Model,11/06/2026 15:38:19,vgbianchi,DWG To PDF.pc3,ISO full bleed A4 (210.00 x 297.00 MM),1:40,
C:\Users\vgbianchi\OneDrive - SA USINA CORURIPE AÇUCAR E ALCOOL\Área de Trabalho\SAFRA 2026\Mapas 2026\Silvio JR_2026\197_2026.dwg,Model,11/06/2026 16:05:33,vgbianchi,DWG To PDF.pc3,ISO full bleed A4 (210.00 x 297.00 MM),1:20,
C:\Users\vgbianchi\OneDrive - SA USINA CORURIPE AÇUCAR E ALCOOL\Área de Trabalho\SAFRA 2026\Mapas 2026\Silvio JR_2026\352_2026.dwg,Model,11/06/2026 16:21:07,vgbianchi,DWG To PDF.pc3,ISO full bleed A4 (210.00 x 297.00 MM),1:10,
C:\Users\vgbianchi\OneDrive - SA USINA CORURIPE AÇUCAR E ALCOOL\Área de Trabalho\SAFRA 2026\Mapas 2026\Silvio JR_2026\468_2026.dwg,Model,11/06/2026 16:41:43,vgbianchi,DWG To PDF.pc3,ISO full bleed A4 (210.00 x 297.00 MM),1:25,
C:\Users\vgbianchi\OneDrive - SA USINA CORURIPE AÇUCAR E ALCOOL\Área de Trabalho\SAFRA 2026\Mapas 2026\Silvio JR_2026\611_2026.dwg,Model,12/06/2026 07:58:19,vgbianchi,DWG To PDF.pc3,ISO full bleed A4 (210.00 x 297.00 MM),1:20,
C:\Users\vgbianchi\OneDrive - SA USINA CORURIPE AÇUCAR E ALCOOL\Área de Trabalho\SAFRA 2026\Mapas 2026\Silvio JR_2026\626_2026.dwg,Model,12/06/2026 09:39:12,vgbianchi,DWG To PDF.pc3,ISO full bleed A4 (210.00 x 297.00 MM),1:20,
C:\Users\vgbianchi\OneDrive - SA USINA CORURIPE AÇUCAR E ALCOOL\Área de Trabalho\SAFRA 2026\Mapas 2026\Silvio JR_2026\665_2026.dwg,Model,12/06/2026 10:12:19,vgbianchi,DWG To PDF.pc3,ISO full bleed A4 (210.00 x 297.00 MM),1:10,
C:\Users\vgbianchi\OneDrive - SA USINA CORURIPE AÇUCAR E ALCOOL\Área de Trabalho\SAFRA 2026\Mapas 2026\Silvio JR_2026\668_2026.dwg,Model,12/06/2026 10:17:23,vgbianchi,DWG To PDF.pc3,ISO full bleed A4 (210.00 x 297.00 MM),1:5,
C:\Users\vgbianchi\OneDrive - SA USINA CORURIPE AÇUCAR E ALCOOL\Área de Trabalho\SAFRA 2026\Mapas 2026\Silvio JR_2026\751_2026.dwg,Model,12/06/2026 10:36:29,vgbianchi,DWG To PDF.pc3,ISO full bleed A4 (210.00 x 297.00 MM),1:25,
C:\Users\vgbianchi\OneDrive - SA USINA CORURIPE AÇUCAR E ALCOOL\Área de Trabalho\SAFRA 2026\Mapas 2026\Silvio JR_2026\935_2026.dwg,Model,12/06/2026 10:38:50,vgbianchi,DWG To PDF.pc3,ISO full bleed A4 (210.00 x 297.00 MM),1:25,
C:\Users\vgbianchi\OneDrive - SA USINA CORURIPE AÇUCAR E ALCOOL\Área de Trabalho\SAFRA 2026\Mapas 2026\Silvio JR_2026\940_2026.dwg,Model,12/06/2026 10:45:39,vgbianchi,DWG To PDF.pc3,ISO full bleed A4 (210.00 x 297.00 MM),1:15,
C:\Users\vgbianchi\OneDrive - SA USINA CORURIPE AÇUCAR E ALCOOL\Área de Trabalho\SAFRA 2026\Mapas 2026\Silvio JR_2026\1014_2026.dwg,Model,12/06/2026 10:50:32,vgbianchi,DWG To PDF.pc3,ISO full bleed A4 (210.00 x 297.00 MM),1:15,
C:\Users\vgbianchi\OneDrive - SA USINA CORURIPE AÇUCAR E ALCOOL\Área de Trabalho\SAFRA 2026\Mapas 2026\Silvio JR_2026\1243_2026.dwg,Model,12/06/2026 10:55:32,vgbianchi,DWG To PDF.pc3,ISO full bleed A4 (210.00 x 297.00 MM),1:10,
